#
# There is insufficient memory for the Java Runtime Environment to continue.
# Native memory allocation (malloc) failed to allocate 131088 bytes for Chunk::new
# Possible reasons:
#   The system is out of physical RAM or swap space
#   In 32 bit mode, the process size limit was hit
# Possible solutions:
#   Reduce memory load on the system
#   Increase physical memory or swap space
#   Check if swap backing store is full
#   Use 64 bit Java on a 64 bit OS
#   Decrease Java heap size (-Xmx/-Xms)
#   Decrease number of Java threads
#   Decrease Java thread stack sizes (-Xss)
#   Set larger code cache with -XX:ReservedCodeCacheSize=
# This output file may be truncated or incomplete.
#
#  Out of Memory Error (allocation.cpp:390), pid=504, tid=0x0000000000000b38
#
# JRE version: OpenJDK Runtime Environment (8.0_112-b06) (build 1.8.0_112-release-b06)
# Java VM: OpenJDK 64-Bit Server VM (25.112-b06 mixed mode windows-amd64 compressed oops)
# Failed to write core dump. Minidumps are not enabled by default on client versions of Windows
#

---------------  T H R E A D  ---------------

Current thread (0x00000000564dc000):  JavaThread "C2 CompilerThread0" daemon [_thread_in_native, id=2872, stack(0x0000000058130000,0x0000000058230000)]

Stack: [0x0000000058130000,0x0000000058230000]
[error occurred during error reporting (printing stack bounds), id 0xc0000005]

Native frames: (J=compiled Java code, j=interpreted, Vv=VM code, C=native code)


Current CompileTask:
C2:  26026 10796       4       java.io.WinNTFileSystem::canonicalize (372 bytes)


---------------  P R O C E S S  ---------------

Java Threads: ( => current thread )
  0x000000005afd4800 JavaThread "Cache update executor" [_thread_blocked, id=8700, stack(0x000000005bff0000,0x000000005c0f0000)]
  0x000000005afd2000 JavaThread "Stdin handler" [_thread_blocked, id=5964, stack(0x0000000062e10000,0x0000000062f10000)]
  0x000000005afd1800 JavaThread "Asynchronous log dispatcher for DefaultDaemonConnection: socket connection from /127.0.0.1:60913 to /127.0.0.1:61011" [_thread_blocked, id=9036, stack(0x000000005bcd0000,0x000000005bdd0000)]
  0x000000005afd0000 JavaThread "Cancel handler" [_thread_blocked, id=8768, stack(0x000000005b960000,0x000000005ba60000)]
  0x000000005f568800 JavaThread "Handler for socket connection from /127.0.0.1:60913 to /127.0.0.1:61011" [_thread_in_native, id=8600, stack(0x000000005b7e0000,0x000000005b8e0000)]
  0x000000005afd3000 JavaThread "pool-3-thread-1" [_thread_blocked, id=4380, stack(0x0000000061900000,0x0000000061a00000)]
  0x000000005f56b800 JavaThread "pool-2-thread-1" [_thread_blocked, id=1316, stack(0x0000000058ee0000,0x0000000058fe0000)]
  0x0000000059b2e000 JavaThread "File lock request listener" [_thread_in_native, id=9176, stack(0x000000005c0f0000,0x000000005c1f0000)]
  0x00000000595fd800 JavaThread "Daemon worker" [_thread_in_native, id=512, stack(0x000000005ba80000,0x000000005bb80000)]
  0x0000000059546800 JavaThread "pool-1-thread-1" [_thread_blocked, id=7448, stack(0x000000005b030000,0x000000005b130000)]
  0x0000000059870000 JavaThread "Daemon" [_thread_blocked, id=8776, stack(0x0000000058230000,0x0000000058330000)]
  0x0000000059a91800 JavaThread "Incoming local TCP Connector on port 60913" [_thread_in_native, id=7060, stack(0x000000005b4e0000,0x000000005b5e0000)]
  0x00000000579c2000 JavaThread "Service Thread" daemon [_thread_blocked, id=4468, stack(0x0000000058540000,0x0000000058640000)]
  0x00000000579bf000 JavaThread "C1 CompilerThread2" daemon [_thread_blocked, id=5136, stack(0x0000000057df0000,0x0000000057ef0000)]
  0x00000000579be000 JavaThread "C2 CompilerThread1" daemon [_thread_blocked, id=1364, stack(0x0000000058340000,0x0000000058440000)]
=>0x00000000564dc000 JavaThread "C2 CompilerThread0" daemon [_thread_in_native, id=2872, stack(0x0000000058130000,0x0000000058230000)]
  0x00000000564db000 JavaThread "Attach Listener" daemon [_thread_blocked, id=4388, stack(0x0000000057f30000,0x0000000058030000)]
  0x00000000579aa800 JavaThread "Signal Dispatcher" daemon [_thread_blocked, id=2696, stack(0x0000000057790000,0x0000000057890000)]
  0x00000000564b7800 JavaThread "Finalizer" daemon [_thread_blocked, id=3028, stack(0x00000000578a0000,0x00000000579a0000)]
  0x0000000056470800 JavaThread "Reference Handler" daemon [_thread_blocked, id=6336, stack(0x00000000575b0000,0x00000000576b0000)]
  0x000000000264f800 JavaThread "main" [_thread_blocked, id=2416, stack(0x0000000002850000,0x0000000002950000)]

Other Threads:
  0x0000000056469000 VMThread [stack: 0x00000000573f0000,0x00000000574f0000] [id=6412]
  0x00000000579c6800 WatcherThread [stack: 0x0000000058030000,0x0000000058130000] [id=7444]

VM state:not at safepoint (normal execution)

VM Mutex/Monitor currently owned by a thread: None

Heap:
 PSYoungGen      total 281088K, used 64691K [0x00000000e0000000, 0x00000000f2a00000, 0x0000000100000000)
  eden space 257024K, 16% used [0x00000000e0000000,0x00000000e29e1ef0,0x00000000efb00000)
  from space 24064K, 90% used [0x00000000efb00000,0x00000000f104ad58,0x00000000f1280000)
  to   space 20480K, 0% used [0x00000000f1600000,0x00000000f1600000,0x00000000f2a00000)
 ParOldGen       total 122880K, used 50635K [0x00000000a0000000, 0x00000000a7800000, 0x00000000e0000000)
  object space 122880K, 41% used [0x00000000a0000000,0x00000000a3172c08,0x00000000a7800000)
 Metaspace       used 71434K, capacity 75002K, committed 75136K, reserved 1114112K
  class space    used 9408K, capacity 10101K, committed 10112K, reserved 1048576K

Card table byte_map: [0x0000000011d10000,0x0000000012020000] byte_map_base: 0x0000000011810000

Marking Bits: (ParMarkBitMap*) 0x000000005e8518f0
 Begin Bits: [0x00000000127e0000, 0x0000000013fe0000)
 End Bits:   [0x0000000013fe0000, 0x00000000157e0000)

Polling page: 0x0000000000130000

CodeCache: size=245760Kb used=33102Kb max_used=33114Kb free=212657Kb
 bounds [0x0000000002950000, 0x00000000049d0000, 0x0000000011950000]
 total_blobs=10381 nmethods=9614 adapters=678
 compilation: enabled

Compilation events (10 events):
Event: 26.012 Thread 0x00000000579bf000 nmethod 10791 0x00000000049bb9d0 code [0x00000000049bbc20, 0x00000000049bcaf8]
Event: 26.013 Thread 0x00000000579be000 10792       4       com.google.common.collect.Iterators$5::hasNext (53 bytes)
Event: 26.013 Thread 0x00000000579bf000 10793       3       org.gradle.internal.logging.progress.DefaultProgressLoggerFactory$ProgressLoggerImpl::assertRunning (63 bytes)
Event: 26.013 Thread 0x00000000564dc000 10795       4       java.io.ObjectInputStream$BlockDataInputStream::setBlockDataMode (74 bytes)
Event: 26.014 Thread 0x00000000564dc000 nmethod 10795 0x0000000004885310 code [0x0000000004885440, 0x00000000048854d8]
Event: 26.014 Thread 0x00000000579bf000 nmethod 10793 0x00000000049bd390 code [0x00000000049bd6a0, 0x00000000049bef18]
Event: 26.014 Thread 0x00000000579bf000 10794       3       org.gradle.execution.taskgraph.TaskInfo::isComplete (56 bytes)
Event: 26.014 Thread 0x00000000579bf000 nmethod 10794 0x00000000049bfe10 code [0x00000000049bff80, 0x00000000049c0250]
Event: 26.016 Thread 0x00000000579be000 nmethod 10792 0x00000000049c3350 code [0x00000000049c34e0, 0x00000000049c38b8]
Event: 26.017 Thread 0x00000000564dc000 10796       4       java.io.WinNTFileSystem::canonicalize (372 bytes)

GC Heap History (10 events):
Event: 14.117 GC heap before
{Heap before GC invocations=14 (full 2):
 PSYoungGen      total 159744K, used 159725K [0x00000000e0000000, 0x00000000eeb00000, 0x0000000100000000)
  eden space 145408K, 100% used [0x00000000e0000000,0x00000000e8e00000,0x00000000e8e00000)
  from space 14336K, 99% used [0x00000000e8e00000,0x00000000e9bfb7f0,0x00000000e9c00000)
  to   space 19968K, 0% used [0x00000000ed780000,0x00000000ed780000,0x00000000eeb00000)
 ParOldGen       total 72704K, used 27799K [0x00000000a0000000, 0x00000000a4700000, 0x00000000e0000000)
  object space 72704K, 38% used [0x00000000a0000000,0x00000000a1b25c10,0x00000000a4700000)
 Metaspace       used 55292K, capacity 57622K, committed 57856K, reserved 1099776K
  class space    used 7413K, capacity 7932K, committed 7936K, reserved 1048576K
Event: 14.140 GC heap after
Heap after GC invocations=14 (full 2):
 PSYoungGen      total 214528K, used 16075K [0x00000000e0000000, 0x00000000ee980000, 0x0000000100000000)
  eden space 196096K, 0% used [0x00000000e0000000,0x00000000e0000000,0x00000000ebf80000)
  from space 18432K, 87% used [0x00000000ed780000,0x00000000ee732da8,0x00000000ee980000)
  to   space 21504K, 0% used [0x00000000ebf80000,0x00000000ebf80000,0x00000000ed480000)
 ParOldGen       total 72704K, used 41677K [0x00000000a0000000, 0x00000000a4700000, 0x00000000e0000000)
  object space 72704K, 57% used [0x00000000a0000000,0x00000000a28b37a0,0x00000000a4700000)
 Metaspace       used 55292K, capacity 57622K, committed 57856K, reserved 1099776K
  class space    used 7413K, capacity 7932K, committed 7936K, reserved 1048576K
}
Event: 14.748 GC heap before
{Heap before GC invocations=15 (full 2):
 PSYoungGen      total 214528K, used 65410K [0x00000000e0000000, 0x00000000ee980000, 0x0000000100000000)
  eden space 196096K, 25% used [0x00000000e0000000,0x00000000e302da70,0x00000000ebf80000)
  from space 18432K, 87% used [0x00000000ed780000,0x00000000ee732da8,0x00000000ee980000)
  to   space 21504K, 0% used [0x00000000ebf80000,0x00000000ebf80000,0x00000000ed480000)
 ParOldGen       total 72704K, used 41677K [0x00000000a0000000, 0x00000000a4700000, 0x00000000e0000000)
  object space 72704K, 57% used [0x00000000a0000000,0x00000000a28b37a0,0x00000000a4700000)
 Metaspace       used 56591K, capacity 58946K, committed 59028K, reserved 1099776K
  class space    used 7587K, capacity 8112K, committed 8192K, reserved 1048576K
Event: 14.761 GC heap after
Heap after GC invocations=15 (full 2):
 PSYoungGen      total 217600K, used 3012K [0x00000000e0000000, 0x00000000f2b00000, 0x0000000100000000)
  eden space 196096K, 0% used [0x00000000e0000000,0x00000000e0000000,0x00000000ebf80000)
  from space 21504K, 14% used [0x00000000ebf80000,0x00000000ec271188,0x00000000ed480000)
  to   space 21504K, 0% used [0x00000000f1600000,0x00000000f1600000,0x00000000f2b00000)
 ParOldGen       total 72704K, used 55263K [0x00000000a0000000, 0x00000000a4700000, 0x00000000e0000000)
  object space 72704K, 76% used [0x00000000a0000000,0x00000000a35f7ff8,0x00000000a4700000)
 Metaspace       used 56591K, capacity 58946K, committed 59028K, reserved 1099776K
  class space    used 7587K, capacity 8112K, committed 8192K, reserved 1048576K
}
Event: 14.761 GC heap before
{Heap before GC invocations=16 (full 3):
 PSYoungGen      total 217600K, used 3012K [0x00000000e0000000, 0x00000000f2b00000, 0x0000000100000000)
  eden space 196096K, 0% used [0x00000000e0000000,0x00000000e0000000,0x00000000ebf80000)
  from space 21504K, 14% used [0x00000000ebf80000,0x00000000ec271188,0x00000000ed480000)
  to   space 21504K, 0% used [0x00000000f1600000,0x00000000f1600000,0x00000000f2b00000)
 ParOldGen       total 72704K, used 55263K [0x00000000a0000000, 0x00000000a4700000, 0x00000000e0000000)
  object space 72704K, 76% used [0x00000000a0000000,0x00000000a35f7ff8,0x00000000a4700000)
 Metaspace       used 56591K, capacity 58946K, committed 59028K, reserved 1099776K
  class space    used 7587K, capacity 8112K, committed 8192K, reserved 1048576K
Event: 14.928 GC heap after
Heap after GC invocations=16 (full 3):
 PSYoungGen      total 217600K, used 0K [0x00000000e0000000, 0x00000000f2b00000, 0x0000000100000000)
  eden space 196096K, 0% used [0x00000000e0000000,0x00000000e0000000,0x00000000ebf80000)
  from space 21504K, 0% used [0x00000000ebf80000,0x00000000ebf80000,0x00000000ed480000)
  to   space 21504K, 0% used [0x00000000f1600000,0x00000000f1600000,0x00000000f2b00000)
 ParOldGen       total 122880K, used 43478K [0x00000000a0000000, 0x00000000a7800000, 0x00000000e0000000)
  object space 122880K, 35% used [0x00000000a0000000,0x00000000a2a75838,0x00000000a7800000)
 Metaspace       used 56591K, capacity 58946K, committed 59028K, reserved 1099776K
  class space    used 7587K, capacity 8112K, committed 8192K, reserved 1048576K
}
Event: 16.079 GC heap before
{Heap before GC invocations=17 (full 3):
 PSYoungGen      total 217600K, used 196096K [0x00000000e0000000, 0x00000000f2b00000, 0x0000000100000000)
  eden space 196096K, 100% used [0x00000000e0000000,0x00000000ebf80000,0x00000000ebf80000)
  from space 21504K, 0% used [0x00000000ebf80000,0x00000000ebf80000,0x00000000ed480000)
  to   space 21504K, 0% used [0x00000000f1600000,0x00000000f1600000,0x00000000f2b00000)
 ParOldGen       total 122880K, used 43478K [0x00000000a0000000, 0x00000000a7800000, 0x00000000e0000000)
  object space 122880K, 35% used [0x00000000a0000000,0x00000000a2a75838,0x00000000a7800000)
 Metaspace       used 65234K, capacity 68106K, committed 68224K, reserved 1107968K
  class space    used 8672K, capacity 9252K, committed 9344K, reserved 1048576K
Event: 16.093 GC heap after
Heap after GC invocations=17 (full 3):
 PSYoungGen      total 277504K, used 18858K [0x00000000e0000000, 0x00000000f2a00000, 0x0000000100000000)
  eden space 257024K, 0% used [0x00000000e0000000,0x00000000e0000000,0x00000000efb00000)
  from space 20480K, 92% used [0x00000000f1600000,0x00000000f286a940,0x00000000f2a00000)
  to   space 24064K, 0% used [0x00000000efb00000,0x00000000efb00000,0x00000000f1280000)
 ParOldGen       total 122880K, used 43486K [0x00000000a0000000, 0x00000000a7800000, 0x00000000e0000000)
  object space 122880K, 35% used [0x00000000a0000000,0x00000000a2a77838,0x00000000a7800000)
 Metaspace       used 65234K, capacity 68106K, committed 68224K, reserved 1107968K
  class space    used 8672K, capacity 9252K, committed 9344K, reserved 1048576K
}
Event: 24.450 GC heap before
{Heap before GC invocations=18 (full 3):
 PSYoungGen      total 277504K, used 275882K [0x00000000e0000000, 0x00000000f2a00000, 0x0000000100000000)
  eden space 257024K, 100% used [0x00000000e0000000,0x00000000efb00000,0x00000000efb00000)
  from space 20480K, 92% used [0x00000000f1600000,0x00000000f286a940,0x00000000f2a00000)
  to   space 24064K, 0% used [0x00000000efb00000,0x00000000efb00000,0x00000000f1280000)
 ParOldGen       total 122880K, used 43486K [0x00000000a0000000, 0x00000000a7800000, 0x00000000e0000000)
  object space 122880K, 35% used [0x00000000a0000000,0x00000000a2a77838,0x00000000a7800000)
 Metaspace       used 71217K, capacity 74772K, committed 74880K, reserved 1114112K
  class space    used 9403K, capacity 10094K, committed 10112K, reserved 1048576K
Event: 24.519 GC heap after
Heap after GC invocations=18 (full 3):
 PSYoungGen      total 281088K, used 21803K [0x00000000e0000000, 0x00000000f2a00000, 0x0000000100000000)
  eden space 257024K, 0% used [0x00000000e0000000,0x00000000e0000000,0x00000000efb00000)
  from space 24064K, 90% used [0x00000000efb00000,0x00000000f104ad58,0x00000000f1280000)
  to   space 20480K, 0% used [0x00000000f1600000,0x00000000f1600000,0x00000000f2a00000)
 ParOldGen       total 122880K, used 50635K [0x00000000a0000000, 0x00000000a7800000, 0x00000000e0000000)
  object space 122880K, 41% used [0x00000000a0000000,0x00000000a3172c08,0x00000000a7800000)
 Metaspace       used 71217K, capacity 74772K, committed 74880K, reserved 1114112K
  class space    used 9403K, capacity 10094K, committed 10112K, reserved 1048576K
}

Deoptimization events (10 events):
Event: 23.534 Thread 0x00000000595fd800 Uncommon trap: reason=class_check action=maybe_recompile pc=0x0000000004694ea4 method=com.google.common.collect.RegularImmutableAsList.get(I)Ljava/lang/Object; @ 5
Event: 23.550 Thread 0x00000000595fd800 Uncommon trap: reason=class_check action=maybe_recompile pc=0x0000000004694ea4 method=com.google.common.collect.RegularImmutableAsList.get(I)Ljava/lang/Object; @ 5
Event: 24.654 Thread 0x00000000595fd800 Uncommon trap: reason=class_check action=maybe_recompile pc=0x0000000004694ea4 method=com.google.common.collect.RegularImmutableAsList.get(I)Ljava/lang/Object; @ 5
Event: 24.700 Thread 0x00000000595fd800 Uncommon trap: reason=class_check action=maybe_recompile pc=0x000000000489a8bc method=com.google.common.cache.LocalCache$Segment.get(Ljava/lang/Object;ILcom/google/common/cache/CacheLoader;)Ljava/lang/Object; @ 70
Event: 24.701 Thread 0x00000000595fd800 Uncommon trap: reason=class_check action=maybe_recompile pc=0x000000000489a8bc method=com.google.common.cache.LocalCache$Segment.get(Ljava/lang/Object;ILcom/google/common/cache/CacheLoader;)Ljava/lang/Object; @ 70
Event: 24.701 Thread 0x00000000595fd800 Uncommon trap: reason=class_check action=maybe_recompile pc=0x000000000489a8bc method=com.google.common.cache.LocalCache$Segment.get(Ljava/lang/Object;ILcom/google/common/cache/CacheLoader;)Ljava/lang/Object; @ 70
Event: 24.701 Thread 0x00000000595fd800 Uncommon trap: reason=class_check action=maybe_recompile pc=0x000000000489a8bc method=com.google.common.cache.LocalCache$Segment.get(Ljava/lang/Object;ILcom/google/common/cache/CacheLoader;)Ljava/lang/Object; @ 70
Event: 24.844 Thread 0x00000000595fd800 Uncommon trap: reason=class_check action=maybe_recompile pc=0x0000000004694ea4 method=com.google.common.collect.RegularImmutableAsList.get(I)Ljava/lang/Object; @ 5
Event: 24.904 Thread 0x00000000595fd800 Uncommon trap: reason=class_check action=maybe_recompile pc=0x000000000312dd50 method=java.util.concurrent.ConcurrentHashMap.putVal(Ljava/lang/Object;Ljava/lang/Object;Z)Ljava/lang/Object; @ 192
Event: 25.073 Thread 0x00000000595fd800 Uncommon trap: reason=unstable_if action=reinterpret pc=0x0000000003373e1c method=com.sun.org.apache.xerces.internal.dom.DeferredDocumentImpl.getPrevSibling(IZ)I @ 2

Internal exceptions (10 events):
Event: 19.740 Thread 0x00000000595fd800 Exception <a 'sun/nio/fs/WindowsException'> (0x00000000e7f458f8) thrown at [C:\src\android\AOSP-openjdk\external\jetbrains\jdk\hotspot\src\share\vm\prims\jni.cpp, line 709]
Event: 19.740 Thread 0x00000000595fd800 Exception <a 'sun/nio/fs/WindowsException'> (0x00000000e7f47588) thrown at [C:\src\android\AOSP-openjdk\external\jetbrains\jdk\hotspot\src\share\vm\prims\jni.cpp, line 709]
Event: 19.740 Thread 0x00000000595fd800 Exception <a 'sun/nio/fs/WindowsException'> (0x00000000e7f48220) thrown at [C:\src\android\AOSP-openjdk\external\jetbrains\jdk\hotspot\src\share\vm\prims\jni.cpp, line 709]
Event: 20.624 Thread 0x00000000595fd800 Implicit null exception at 0x0000000004651493 to 0x00000000046515cd
Event: 22.465 Thread 0x00000000595fd800 Exception <a 'java/lang/NoSuchMethodError': <clinit>> (0x00000000ee447450) thrown at [C:\src\android\AOSP-openjdk\external\jetbrains\jdk\hotspot\src\share\vm\prims\jni.cpp, line 1613]
Event: 22.466 Thread 0x00000000595fd800 Exception <a 'java/lang/NoSuchMethodError': <clinit>> (0x00000000ee454cb8) thrown at [C:\src\android\AOSP-openjdk\external\jetbrains\jdk\hotspot\src\share\vm\prims\jni.cpp, line 1613]
Event: 22.488 Thread 0x00000000595fd800 Exception <a 'java/lang/NoSuchMethodError': <clinit>> (0x00000000ee4c7748) thrown at [C:\src\android\AOSP-openjdk\external\jetbrains\jdk\hotspot\src\share\vm\prims\jni.cpp, line 1613]
Event: 22.488 Thread 0x00000000595fd800 Exception <a 'java/lang/NoSuchMethodError': <clinit>> (0x00000000ee4e04a0) thrown at [C:\src\android\AOSP-openjdk\external\jetbrains\jdk\hotspot\src\share\vm\prims\jni.cpp, line 1613]
Event: 22.488 Thread 0x00000000595fd800 Exception <a 'java/lang/NoSuchMethodError': <clinit>> (0x00000000ee4e2120) thrown at [C:\src\android\AOSP-openjdk\external\jetbrains\jdk\hotspot\src\share\vm\prims\jni.cpp, line 1613]
Event: 23.522 Thread 0x00000000595fd800 Implicit null exception at 0x0000000002ffe7de to 0x0000000002fff6c1

Events (10 events):
Event: 24.850 Thread 0x00000000595fd800 DEOPT PACKING pc=0x00000000041d1f08 sp=0x000000005bb7c130
Event: 24.850 Thread 0x00000000595fd800 DEOPT UNPACKING pc=0x00000000029975bf sp=0x000000005bb7be88 mode 0
Event: 24.904 Thread 0x00000000595fd800 Uncommon trap: trap_request=0xffffffde fr.pc=0x000000000312dd50
Event: 24.904 Executing VM operation: RevokeBias
Event: 24.904 Executing VM operation: RevokeBias done
Event: 24.904 Thread 0x00000000595fd800 DEOPT PACKING pc=0x000000000312dd50 sp=0x000000005bb7c860
Event: 24.904 Thread 0x00000000595fd800 DEOPT UNPACKING pc=0x000000000299556a sp=0x000000005bb7c7f8 mode 2
Event: 25.073 Thread 0x00000000595fd800 Uncommon trap: trap_request=0xffffff65 fr.pc=0x0000000003373e1c
Event: 25.073 Thread 0x00000000595fd800 DEOPT PACKING pc=0x0000000003373e1c sp=0x000000005bb7bb20
Event: 25.073 Thread 0x00000000595fd800 DEOPT UNPACKING pc=0x000000000299556a sp=0x000000005bb7bab8 mode 2


Dynamic libraries:
0x000000013f420000 - 0x000000013f451000 	C:\Program Files\Android\Android Studio1\jre\bin\java.exe
0x0000000077c40000 - 0x0000000077dea000 	C:\Windows\SYSTEM32\ntdll.dll
0x0000000077b20000 - 0x0000000077c3f000 	C:\Windows\system32\kernel32.dll
0x000007fefd8d0000 - 0x000007fefd93a000 	C:\Windows\system32\KERNELBASE.dll
0x000007feff8d0000 - 0x000007feff9ab000 	C:\Windows\system32\ADVAPI32.dll
0x000007feff450000 - 0x000007feff4ef000 	C:\Windows\system32\msvcrt.dll
0x000007feffac0000 - 0x000007feffadf000 	C:\Windows\SYSTEM32\sechost.dll
0x000007fefe160000 - 0x000007fefe28d000 	C:\Windows\system32\RPCRT4.dll
0x00000000778e0000 - 0x00000000779da000 	C:\Windows\system32\USER32.dll
0x000007feffee0000 - 0x000007fefff47000 	C:\Windows\system32\GDI32.dll
0x000007feff440000 - 0x000007feff44e000 	C:\Windows\system32\LPK.dll
0x000007feff1b0000 - 0x000007feff27b000 	C:\Windows\system32\USP10.dll
0x000007fefbcc0000 - 0x000007fefbeb4000 	C:\Windows\WinSxS\amd64_microsoft.windows.common-controls_6595b64144ccf1df_6.0.7601.18837_none_fa3b1e3d17594757\COMCTL32.dll
0x000007feffb70000 - 0x000007feffbe1000 	C:\Windows\system32\SHLWAPI.dll
0x000007feff410000 - 0x000007feff43e000 	C:\Windows\system32\IMM32.DLL
0x000007feff9b0000 - 0x000007feffab9000 	C:\Windows\system32\MSCTF.dll
0x000007fefd630000 - 0x000007fefd661000 	C:\Windows\system32\nvinitx.dll
0x000007fefd620000 - 0x000007fefd62c000 	C:\Windows\system32\VERSION.dll
0x000000006ce50000 - 0x000000006cf22000 	C:\Program Files\Android\Android Studio1\jre\jre\bin\msvcr100.dll
0x000000005e090000 - 0x000000005e8cc000 	C:\Program Files\Android\Android Studio1\jre\jre\bin\server\jvm.dll
0x000007fefac10000 - 0x000007fefac19000 	C:\Windows\system32\WSOCK32.dll
0x000007feffbf0000 - 0x000007feffc3d000 	C:\Windows\system32\WS2_32.dll
0x000007feffb60000 - 0x000007feffb68000 	C:\Windows\system32\NSI.dll
0x000007fefd890000 - 0x000007fefd8cb000 	C:\Windows\system32\WINMM.dll
0x0000000077e00000 - 0x0000000077e07000 	C:\Windows\system32\PSAPI.DLL
0x000007fefac20000 - 0x000007fefac2f000 	C:\Program Files\Android\Android Studio1\jre\jre\bin\verify.dll
0x000007fefa7f0000 - 0x000007fefa819000 	C:\Program Files\Android\Android Studio1\jre\jre\bin\java.dll
0x000007fefa830000 - 0x000007fefa846000 	C:\Program Files\Android\Android Studio1\jre\jre\bin\zip.dll
0x000007fefe420000 - 0x000007feff1aa000 	C:\Windows\system32\SHELL32.dll
0x000007feffce0000 - 0x000007feffedc000 	C:\Windows\system32\ole32.dll
0x000007fefd700000 - 0x000007fefd70f000 	C:\Windows\system32\profapi.dll
0x000007fefaa30000 - 0x000007fefaa4a000 	C:\Program Files\Android\Android Studio1\jre\jre\bin\net.dll
0x000007fefce40000 - 0x000007fefce95000 	C:\Windows\system32\mswsock.dll
0x000007fefce30000 - 0x000007fefce37000 	C:\Windows\System32\wship6.dll
0x000007fefa730000 - 0x000007fefa741000 	C:\Program Files\Android\Android Studio1\jre\jre\bin\nio.dll
0x000007fefa350000 - 0x000007fefa36e000 	C:\Users\yewmf\.gradle\native\23\windows-amd64\native-platform.dll
0x000007fefcea0000 - 0x000007fefceb8000 	C:\Windows\system32\CRYPTSP.dll
0x000007fefcba0000 - 0x000007fefcbe7000 	C:\Windows\system32\rsaenh.dll
0x000007fefd7d0000 - 0x000007fefd7ee000 	C:\Windows\system32\USERENV.dll
0x000007fefd510000 - 0x000007fefd51f000 	C:\Windows\system32\CRYPTBASE.dll
0x000007fefc440000 - 0x000007fefc467000 	C:\Windows\system32\IPHLPAPI.DLL
0x000007fefc430000 - 0x000007fefc43b000 	C:\Windows\system32\WINNSI.DLL
0x000007fefa170000 - 0x000007fefa181000 	C:\Windows\system32\dhcpcsvc6.DLL
0x000007fefa150000 - 0x000007fefa168000 	C:\Windows\system32\dhcpcsvc.DLL
0x000007fefab70000 - 0x000007fefab7d000 	C:\Program Files\Android\Android Studio1\jre\jre\bin\management.dll
0x000007fefd4b0000 - 0x000007fefd507000 	C:\Windows\system32\apphelp.dll

VM Arguments:
jvm_args: -Xmx1536m -Dfile.encoding=GBK -Duser.country=CN -Duser.language=zh -Duser.variant 
java_command: org.gradle.launcher.daemon.bootstrap.GradleDaemon 3.3
java_class_path (initial): C:\Users\yewmf\.gradle\wrapper\dists\gradle-3.3-all\55gk2rcmfc6p2dg9u9ohc3hw9\gradle-3.3\lib\gradle-launcher-3.3.jar
Launcher Type: SUN_STANDARD

Environment Variables:
JAVA_HOME=C:\Program Files\Java\jdk1.8.0_60
PATH=C:\Python27\;C:\Python27\Scripts;D:\SDK\platform-tools;C:\Program Files\JetBrains\CLion 2017.2.3\bin\cmake\bin;C:\MinGW\bin;D:\Program Files\Git\bin;C:\Users\yewmf\AppData\Local\Android\sdk\ndk-bundle;C:\Users\yewmf\AppData\Local\Android\Sdk;C:\Users\yewmf\AppData\Local\Android\Sdk\tools;C:\Users\yewmf\AppData\Local\Android\Sdk\platform-tools;E:\hexo\node_modules\.bin;C:\Ruby22-x64\bin;C:\Program Files\Java\jdk1.8.0_60\bin;D:\apache-maven-3.3.9-bin\apache-maven-3.3.9\bin;C:\Program Files (x86)\Razer Chroma SDK\bin;C:\Program Files\Razer Chroma SDK\bin;C:\Program Files (x86)\Mozilla Firefox;C:\ProgramData\Oracle\Java\javapath;C:\Program Files (x86)\Intel\iCLS Client\;C:\Program Files\Intel\iCLS Client\;C:\Windows\system32;C:\Windows;C:\Windows\System32\Wbem;C:\Windows\System32\WindowsPowerShell\v1.0\;C:\Program Files\Intel\Intel(R) Management Engine Components\DAL;C:\Program Files\Intel\Intel(R) Management Engine Components\IPT;C:\Program Files (x86)\Intel\Intel(R) Management Engine Components\DAL;C:\Program Files (x86)\Intel\Intel(R) Management Engine Components\IPT;C:\Program Files (x86)\NVIDIA Corporation\PhysX\Common;D:\Program Files\TortoiseSVN\bin;C:\Program Files\VanDyke Software\Clients\;D:\Program Files (x86)\Rational\common;C:\ProgramData\chocolatey\bin;C:\Program Files\nodejs\;D:\webdriver;C:\Users\yewmf\AppData\Roaming\npm
USERNAME=yewmf
OS=Windows_NT
PROCESSOR_IDENTIFIER=Intel64 Family 6 Model 60 Stepping 3, GenuineIntel



---------------  S Y S T E M  ---------------

OS: Windows 7 , 64 bit Build 7601 (6.1.7601.23915)

CPU:total 4 (4 cores per cpu, 1 threads per core) family 6 model 60 stepping 3, cmov, cx8, fxsr, mmx, sse, sse2, sse3, ssse3, sse4.1, sse4.2, popcnt, avx, avx2, aes, clmul, erms, lzcnt, tsc, tscinvbit, bmi1, bmi2

Memory: 4k page, physical 8299388k(415400k free), swap 8297528k(3244k free)

vm_info: OpenJDK 64-Bit Server VM (25.112-b06) for windows-amd64 JRE (1.8.0_112-release-b06), built on Dec  8 2016 00:54:26 by "builder" with MS VC++ 10.0 (VS2010)

time: Wed Dec 27 15:02:43 2017
elapsed time: 26 seconds (0d 0h 0m 26s)

